0 info it worked if it ends with ok
1 verbose cli [ '/usr/local/n/versions/node/5.4.1/bin/node',
1 verbose cli   '/usr/local/bin/npm',
1 verbose cli   'start' ]
2 info using npm@3.3.12
3 info using node@v5.4.1
4 verbose run-script [ 'prestart', 'start', 'poststart' ]
5 info lifecycle scoreboard@0.0.0~prestart: scoreboard@0.0.0
6 silly lifecycle scoreboard@0.0.0~prestart: no script for prestart, continuing
7 info lifecycle scoreboard@0.0.0~start: scoreboard@0.0.0
8 verbose lifecycle scoreboard@0.0.0~start: unsafe-perm in lifecycle true
9 verbose lifecycle scoreboard@0.0.0~start: PATH: /usr/local/lib/node_modules/npm/bin/node-gyp-bin:/home/morriar/dev/workspaces/csg_debug/scoreboard/node_modules/.bin:/home/morriar/dev/tools/Pep8Term:/home/morriar/dev/tools/apache-maven-3.1.1/bin:/home/morriar/bin:/usr/local/sbin:/usr/local/bin:/usr/sbin:/usr/bin:/sbin:/bin:/usr/games:/usr/local/games:/home/morriar/dev/projects/nit/bin:/home/morriar/dev/projects/nit/contrib/nitiwiki/bin:/home/morriar/dev/tools/sablecc3.altgen/bin:/home/morriar/dev/projects/moz/scripts:/home/morriar/dev/projects/moz/utils/bin:/home/morriar/dev/tools/gradle-1.9//bin:/home/morriar/dev/tools/phantomjs-1.9.7/bin:/home/morriar/dev/tools/casperjs-1.1-beta3/bin:/home/morriar/dev/tools/neo4j-community-2.1.2/bin:/usr/local/go/bin:/home/morriar/.cabal/bin
10 verbose lifecycle scoreboard@0.0.0~start: CWD: /home/morriar/dev/workspaces/csg_debug/scoreboard
11 silly lifecycle scoreboard@0.0.0~start: Args: [ '-c', 'node ./bin/www' ]
12 silly lifecycle scoreboard@0.0.0~start: Returned: code: 1  signal: null
13 info lifecycle scoreboard@0.0.0~start: Failed to exec start script
14 verbose stack Error: scoreboard@0.0.0 start: `node ./bin/www`
14 verbose stack Exit status 1
14 verbose stack     at EventEmitter.<anonymous> (/usr/local/lib/node_modules/npm/lib/utils/lifecycle.js:232:16)
14 verbose stack     at emitTwo (events.js:87:13)
14 verbose stack     at EventEmitter.emit (events.js:172:7)
14 verbose stack     at ChildProcess.<anonymous> (/usr/local/lib/node_modules/npm/lib/utils/spawn.js:24:14)
14 verbose stack     at emitTwo (events.js:87:13)
14 verbose stack     at ChildProcess.emit (events.js:172:7)
14 verbose stack     at maybeClose (internal/child_process.js:821:16)
14 verbose stack     at Process.ChildProcess._handle.onexit (internal/child_process.js:211:5)
15 verbose pkgid scoreboard@0.0.0
16 verbose cwd /home/morriar/dev/workspaces/csg_debug/scoreboard
17 error Linux 3.16.0-53-generic
18 error argv "/usr/local/n/versions/node/5.4.1/bin/node" "/usr/local/bin/npm" "start"
19 error node v5.4.1
20 error npm  v3.3.12
21 error code ELIFECYCLE
22 error scoreboard@0.0.0 start: `node ./bin/www`
22 error Exit status 1
23 error Failed at the scoreboard@0.0.0 start script 'node ./bin/www'.
23 error Make sure you have the latest version of node.js and npm installed.
23 error If you do, this is most likely a problem with the scoreboard package,
23 error not with npm itself.
23 error Tell the author that this fails on your system:
23 error     node ./bin/www
23 error You can get their info via:
23 error     npm owner ls scoreboard
23 error There is likely additional logging output above.
24 verbose exit [ 1, true ]
